<?xml version="1.0" encoding="UTF-8"?>
<!-- Generated by org.testng.reporters.JUnitReportReporter -->
<testsuite hostname="ASCINLAP61450" failures="0" tests="1" name="com.meesho.tests.SearchMeeshoTest" time="14.104" errors="0" timestamp="2025-10-24T15:13:02 IST" skipped="0">
  <testcase classname="com.meesho.tests.SearchMeeshoTest" name="verifySearchFeature" time="14.104"/>
</testsuite> <!-- com.meesho.tests.SearchMeeshoTest -->
